C:\backend\run_prod.py:52: DeprecationWarning: 'asyncio.WindowsSelectorEventLoopPolicy' is deprecated and slated for removal in Python 3.16
  asyncio.set_event_loop_policy(asyncio.WindowsSelectorEventLoopPolicy())
C:\backend\run_prod.py:52: DeprecationWarning: 'asyncio.set_event_loop_policy' is deprecated and slated for removal in Python 3.16
  asyncio.set_event_loop_policy(asyncio.WindowsSelectorEventLoopPolicy())
INFO:     Uvicorn running on http://127.0.0.1:8026 (Press CTRL+C to quit)
INFO:     Started parent process [12252]
{"timestamp": "2026-03-26T12:58:34.483751+00:00", "level": "INFO", "logger": "uvicorn.error", "message": "Started server process [12696]"}
{"timestamp": "2026-03-26T12:58:34.485207+00:00", "level": "INFO", "logger": "uvicorn.error", "message": "Waiting for application startup."}
{"timestamp": "2026-03-26T12:58:34.488190+00:00", "level": "INFO", "logger": "uvicorn.error", "message": "Started server process [13184]"}
{"timestamp": "2026-03-26T12:58:34.488904+00:00", "level": "INFO", "logger": "uvicorn.error", "message": "Waiting for application startup."}
{"timestamp": "2026-03-26T12:58:34.643250+00:00", "level": "INFO", "logger": "uvicorn.error", "message": "Started server process [7356]"}
{"timestamp": "2026-03-26T12:58:34.644054+00:00", "level": "INFO", "logger": "uvicorn.error", "message": "Waiting for application startup."}
{"timestamp": "2026-03-26T12:58:34.696591+00:00", "level": "INFO", "logger": "uvicorn.error", "message": "Started server process [1664]"}
{"timestamp": "2026-03-26T12:58:34.702781+00:00", "level": "INFO", "logger": "uvicorn.error", "message": "Waiting for application startup."}
{"timestamp": "2026-03-26T12:58:34.707595+00:00", "level": "INFO", "logger": "uvicorn.error", "message": "Started server process [14620]"}
{"timestamp": "2026-03-26T12:58:34.708382+00:00", "level": "INFO", "logger": "uvicorn.error", "message": "Waiting for application startup."}
{"timestamp": "2026-03-26T12:58:34.775412+00:00", "level": "INFO", "logger": "uvicorn.error", "message": "Application startup complete."}
{"timestamp": "2026-03-26T12:58:34.788261+00:00", "level": "INFO", "logger": "uvicorn.error", "message": "Started server process [13436]"}
{"timestamp": "2026-03-26T12:58:34.789022+00:00", "level": "INFO", "logger": "uvicorn.error", "message": "Waiting for application startup."}
{"timestamp": "2026-03-26T12:58:34.874620+00:00", "level": "INFO", "logger": "uvicorn.error", "message": "Application startup complete."}
{"timestamp": "2026-03-26T12:58:34.929475+00:00", "level": "INFO", "logger": "uvicorn.error", "message": "Started server process [17072]"}
{"timestamp": "2026-03-26T12:58:34.930308+00:00", "level": "INFO", "logger": "uvicorn.error", "message": "Waiting for application startup."}
{"timestamp": "2026-03-26T12:58:34.949781+00:00", "level": "INFO", "logger": "uvicorn.error", "message": "Application startup complete."}
{"timestamp": "2026-03-26T12:58:35.029013+00:00", "level": "INFO", "logger": "uvicorn.error", "message": "Application startup complete."}
{"timestamp": "2026-03-26T12:58:35.095928+00:00", "level": "INFO", "logger": "uvicorn.error", "message": "Application startup complete."}
{"timestamp": "2026-03-26T12:58:35.096824+00:00", "level": "INFO", "logger": "uvicorn.error", "message": "Started server process [16492]"}
{"timestamp": "2026-03-26T12:58:35.098090+00:00", "level": "INFO", "logger": "uvicorn.error", "message": "Waiting for application startup."}
{"timestamp": "2026-03-26T12:58:35.130562+00:00", "level": "WARNING", "logger": "app.ws.bus", "message": "redis_event_bus_subscribe_failed"}
{"timestamp": "2026-03-26T12:58:35.131789+00:00", "level": "WARNING", "logger": "app.services.runtime_lease_service", "message": "runtime_lease_best_effort_fallback"}
{"timestamp": "2026-03-26T12:58:35.158830+00:00", "level": "INFO", "logger": "uvicorn.error", "message": "Application startup complete."}
{"timestamp": "2026-03-26T12:58:35.227807+00:00", "level": "WARNING", "logger": "app.ws.bus", "message": "redis_event_bus_subscribe_failed"}
{"timestamp": "2026-03-26T12:58:35.228675+00:00", "level": "WARNING", "logger": "app.services.runtime_lease_service", "message": "runtime_lease_best_effort_fallback"}
{"timestamp": "2026-03-26T12:58:35.297149+00:00", "level": "WARNING", "logger": "app.ws.bus", "message": "redis_event_bus_subscribe_failed"}
{"timestamp": "2026-03-26T12:58:35.312784+00:00", "level": "WARNING", "logger": "app.services.runtime_lease_service", "message": "runtime_lease_best_effort_fallback"}
{"timestamp": "2026-03-26T12:58:35.381190+00:00", "level": "WARNING", "logger": "app.ws.bus", "message": "redis_event_bus_subscribe_failed"}
{"timestamp": "2026-03-26T12:58:35.382012+00:00", "level": "WARNING", "logger": "app.services.runtime_lease_service", "message": "runtime_lease_best_effort_fallback"}
{"timestamp": "2026-03-26T12:58:35.446813+00:00", "level": "WARNING", "logger": "app.ws.bus", "message": "redis_event_bus_subscribe_failed"}
{"timestamp": "2026-03-26T12:58:35.447858+00:00", "level": "WARNING", "logger": "app.services.runtime_lease_service", "message": "runtime_lease_best_effort_fallback"}
{"timestamp": "2026-03-26T12:58:35.488146+00:00", "level": "WARNING", "logger": "app.services.runtime_lease_service", "message": "runtime_lease_best_effort_fallback"}
{"timestamp": "2026-03-26T12:58:35.511447+00:00", "level": "WARNING", "logger": "app.ws.bus", "message": "redis_event_bus_subscribe_failed"}
{"timestamp": "2026-03-26T12:58:35.512431+00:00", "level": "WARNING", "logger": "app.services.runtime_lease_service", "message": "runtime_lease_best_effort_fallback"}
{"timestamp": "2026-03-26T12:58:35.584028+00:00", "level": "WARNING", "logger": "app.services.runtime_lease_service", "message": "runtime_lease_best_effort_fallback"}
{"timestamp": "2026-03-26T12:58:35.678334+00:00", "level": "WARNING", "logger": "app.services.runtime_lease_service", "message": "runtime_lease_best_effort_fallback"}
{"timestamp": "2026-03-26T12:58:35.737673+00:00", "level": "WARNING", "logger": "app.services.runtime_lease_service", "message": "runtime_lease_best_effort_fallback"}
{"timestamp": "2026-03-26T12:58:35.810565+00:00", "level": "WARNING", "logger": "app.services.runtime_lease_service", "message": "runtime_lease_best_effort_fallback"}
{"timestamp": "2026-03-26T12:58:35.876677+00:00", "level": "WARNING", "logger": "app.services.runtime_lease_service", "message": "runtime_lease_best_effort_fallback"}
{"timestamp": "2026-03-26T12:58:36.178700+00:00", "level": "ERROR", "logger": "app.services.news_runtime_service", "message": "news_runtime_cycle_failed", "exception": "Traceback (most recent call last):\n  File \"C:\\backend\\.venv\\Lib\\site-packages\\sqlalchemy\\engine\\base.py\", line 1967, in _exec_single_context\n    self.dialect.do_execute(\n    ~~~~~~~~~~~~~~~~~~~~~~~^\n        cursor, str_statement, effective_parameters, context\n        ^^^^^^^^^^^^^^^^^^^^^^^^^^^^^^^^^^^^^^^^^^^^^^^^^^^^\n    )\n    ^\n  File \"C:\\backend\\.venv\\Lib\\site-packages\\sqlalchemy\\engine\\default.py\", line 951, in do_execute\n    cursor.execute(statement, parameters)\n    ~~~~~~~~~~~~~~^^^^^^^^^^^^^^^^^^^^^^^\n  File \"C:\\backend\\.venv\\Lib\\site-packages\\sqlalchemy\\dialects\\postgresql\\psycopg.py\", line 594, in execute\n    result = self.await_(self._cursor.execute(query, params, **kw))\n  File \"C:\\backend\\.venv\\Lib\\site-packages\\sqlalchemy\\util\\_concurrency_py3k.py\", line 132, in await_only\n    return current.parent.switch(awaitable)  # type: ignore[no-any-return,attr-defined] # noqa: E501\n           ~~~~~~~~~~~~~~~~~~~~~^^^^^^^^^^^\n  File \"C:\\backend\\.venv\\Lib\\site-packages\\sqlalchemy\\util\\_concurrency_py3k.py\", line 196, in greenlet_spawn\n    value = await result\n            ^^^^^^^^^^^^\n  File \"C:\\backend\\.venv\\Lib\\site-packages\\psycopg\\cursor_async.py\", line 97, in execute\n    raise ex.with_traceback(None)\npsycopg.errors.DeadlockDetected: deadlock detected\nLINE 2: FROM news_articles \n             ^\nDETAIL:  Process 15788 waits for AccessShareLock on relation 24741 of database 16388; blocked by process 15648.\nProcess 15648 waits for AccessExclusiveLock on relation 24776 of database 16388; blocked by process 15788.\nHINT:  See server log for query details.\n\nThe above exception was the direct cause of the following exception:\n\nTraceback (most recent call last):\n  File \"C:\\backend\\app\\services\\news_runtime_service.py\", line 106, in _refresh_once\n    await run_news_pipeline(db)\n  File \"C:\\backend\\app\\services\\news_release_service.py\", line 312, in run_news_pipeline\n    await release_pending_articles(\n    ...<4 lines>...\n    )\n  File \"C:\\backend\\app\\services\\news_release_service.py\", line 243, in release_pending_articles\n    for candidate in (await db.execute(candidate_stmt)).scalars().all()\n                      ^^^^^^^^^^^^^^^^^^^^^^^^^^^^^^^^\n  File \"C:\\backend\\.venv\\Lib\\site-packages\\sqlalchemy\\ext\\asyncio\\session.py\", line 463, in execute\n    result = await greenlet_spawn(\n             ^^^^^^^^^^^^^^^^^^^^^\n    ...<6 lines>...\n    )\n    ^\n  File \"C:\\backend\\.venv\\Lib\\site-packages\\sqlalchemy\\util\\_concurrency_py3k.py\", line 201, in greenlet_spawn\n    result = context.throw(*sys.exc_info())\n  File \"C:\\backend\\.venv\\Lib\\site-packages\\sqlalchemy\\orm\\session.py\", line 2365, in execute\n    return self._execute_internal(\n           ~~~~~~~~~~~~~~~~~~~~~~^\n        statement,\n        ^^^^^^^^^^\n    ...<4 lines>...\n        _add_event=_add_event,\n        ^^^^^^^^^^^^^^^^^^^^^^\n    )\n    ^\n  File \"C:\\backend\\.venv\\Lib\\site-packages\\sqlalchemy\\orm\\session.py\", line 2251, in _execute_internal\n    result: Result[Any] = compile_state_cls.orm_execute_statement(\n                          ~~~~~~~~~~~~~~~~~~~~~~~~~~~~~~~~~~~~~~~^\n        self,\n        ^^^^^\n    ...<4 lines>...\n        conn,\n        ^^^^^\n    )\n    ^\n  File \"C:\\backend\\.venv\\Lib\\site-packages\\sqlalchemy\\orm\\context.py\", line 306, in orm_execute_statement\n    result = conn.execute(\n        statement, params or {}, execution_options=execution_options\n    )\n  File \"C:\\backend\\.venv\\Lib\\site-packages\\sqlalchemy\\engine\\base.py\", line 1419, in execute\n    return meth(\n        self,\n        distilled_parameters,\n        execution_options or NO_OPTIONS,\n    )\n  File \"C:\\backend\\.venv\\Lib\\site-packages\\sqlalchemy\\sql\\elements.py\", line 526, in _execute_on_connection\n    return connection._execute_clauseelement(\n           ~~~~~~~~~~~~~~~~~~~~~~~~~~~~~~~~~^\n        self, distilled_params, execution_options\n        ^^^^^^^^^^^^^^^^^^^^^^^^^^^^^^^^^^^^^^^^^\n    )\n    ^\n  File \"C:\\backend\\.venv\\Lib\\site-packages\\sqlalchemy\\engine\\base.py\", line 1641, in _execute_clauseelement\n    ret = self._execute_context(\n        dialect,\n    ...<8 lines>...\n        cache_hit=cache_hit,\n    )\n  File \"C:\\backend\\.venv\\Lib\\site-packages\\sqlalchemy\\engine\\base.py\", line 1846, in _execute_context\n    return self._exec_single_context(\n           ~~~~~~~~~~~~~~~~~~~~~~~~~^\n        dialect, context, statement, parameters\n        ^^^^^^^^^^^^^^^^^^^^^^^^^^^^^^^^^^^^^^^\n    )\n    ^\n  File \"C:\\backend\\.venv\\Lib\\site-packages\\sqlalchemy\\engine\\base.py\", line 1986, in _exec_single_context\n    self._handle_dbapi_exception(\n    ~~~~~~~~~~~~~~~~~~~~~~~~~~~~^\n        e, str_statement, effective_parameters, cursor, context\n        ^^^^^^^^^^^^^^^^^^^^^^^^^^^^^^^^^^^^^^^^^^^^^^^^^^^^^^^\n    )\n    ^\n  File \"C:\\backend\\.venv\\Lib\\site-packages\\sqlalchemy\\engine\\base.py\", line 2355, in _handle_dbapi_exception\n    raise sqlalchemy_exception.with_traceback(exc_info[2]) from e\n  File \"C:\\backend\\.venv\\Lib\\site-packages\\sqlalchemy\\engine\\base.py\", line 1967, in _exec_single_context\n    self.dialect.do_execute(\n    ~~~~~~~~~~~~~~~~~~~~~~~^\n        cursor, str_statement, effective_parameters, context\n        ^^^^^^^^^^^^^^^^^^^^^^^^^^^^^^^^^^^^^^^^^^^^^^^^^^^^\n    )\n    ^\n  File \"C:\\backend\\.venv\\Lib\\site-packages\\sqlalchemy\\engine\\default.py\", line 951, in do_execute\n    cursor.execute(statement, parameters)\n    ~~~~~~~~~~~~~~^^^^^^^^^^^^^^^^^^^^^^^\n  File \"C:\\backend\\.venv\\Lib\\site-packages\\sqlalchemy\\dialects\\postgresql\\psycopg.py\", line 594, in execute\n    result = self.await_(self._cursor.execute(query, params, **kw))\n  File \"C:\\backend\\.venv\\Lib\\site-packages\\sqlalchemy\\util\\_concurrency_py3k.py\", line 132, in await_only\n    return current.parent.switch(awaitable)  # type: ignore[no-any-return,attr-defined] # noqa: E501\n           ~~~~~~~~~~~~~~~~~~~~~^^^^^^^^^^^\n  File \"C:\\backend\\.venv\\Lib\\site-packages\\sqlalchemy\\util\\_concurrency_py3k.py\", line 196, in greenlet_spawn\n    value = await result\n            ^^^^^^^^^^^^\n  File \"C:\\backend\\.venv\\Lib\\site-packages\\psycopg\\cursor_async.py\", line 97, in execute\n    raise ex.with_traceback(None)\nsqlalchemy.exc.OperationalError: (psycopg.errors.DeadlockDetected) deadlock detected\nLINE 2: FROM news_articles \n             ^\nDETAIL:  Process 15788 waits for AccessShareLock on relation 24741 of database 16388; blocked by process 15648.\nProcess 15648 waits for AccessExclusiveLock on relation 24776 of database 16388; blocked by process 15788.\nHINT:  See server log for query details.\n[SQL: SELECT news_articles.id, news_articles.uid, news_articles.source, news_articles.source_guid, news_articles.url, news_articles.raw_title, news_articles.raw_summary, news_articles.image_url, news_articles.images_json, news_articles.content_blocks_json, news_articles.published_at, news_articles.released_at, news_articles.notified_at, news_articles.category, news_articles.view_count, news_articles.is_liquidation, news_articles.created_at \nFROM news_articles \nWHERE news_articles.released_at IS NULL AND coalesce(news_articles.published_at, news_articles.created_at) >= %(coalesce_1)s::TIMESTAMP WITH TIME ZONE ORDER BY coalesce(news_articles.published_at, news_articles.created_at) DESC, news_articles.id DESC \n LIMIT %(param_1)s::INTEGER]\n[parameters: {'coalesce_1': datetime.datetime(2026, 3, 16, 12, 58, 35, 136353, tzinfo=datetime.timezone.utc), 'param_1': 85}]\n(Background on this error at: https://sqlalche.me/e/20/e3q8)"}
{"timestamp": "2026-03-26T12:58:36.206604+00:00", "level": "INFO", "logger": "uvicorn.error", "message": "Application startup complete."}
{"timestamp": "2026-03-26T12:58:36.249838+00:00", "level": "INFO", "logger": "uvicorn.error", "message": "Application startup complete."}
{"timestamp": "2026-03-26T12:58:36.499859+00:00", "level": "WARNING", "logger": "app.ws.bus", "message": "redis_event_bus_subscribe_failed"}
{"timestamp": "2026-03-26T12:58:36.562607+00:00", "level": "WARNING", "logger": "app.ws.bus", "message": "redis_event_bus_subscribe_failed"}
{"timestamp": "2026-03-26T12:58:36.564073+00:00", "level": "WARNING", "logger": "app.services.runtime_lease_service", "message": "runtime_lease_best_effort_fallback"}
{"timestamp": "2026-03-26T12:58:36.590134+00:00", "level": "WARNING", "logger": "app.ws.bus", "message": "redis_event_bus_subscribe_failed"}
{"timestamp": "2026-03-26T12:58:36.600035+00:00", "level": "WARNING", "logger": "app.ws.bus", "message": "redis_event_bus_subscribe_failed"}
{"timestamp": "2026-03-26T12:58:36.600822+00:00", "level": "WARNING", "logger": "app.services.runtime_lease_service", "message": "runtime_lease_best_effort_fallback"}
{"timestamp": "2026-03-26T12:58:36.662924+00:00", "level": "WARNING", "logger": "app.ws.bus", "message": "redis_event_bus_subscribe_failed"}
{"timestamp": "2026-03-26T12:58:36.758809+00:00", "level": "WARNING", "logger": "app.ws.bus", "message": "redis_event_bus_subscribe_failed"}
{"timestamp": "2026-03-26T12:58:36.881908+00:00", "level": "WARNING", "logger": "app.ws.bus", "message": "redis_event_bus_subscribe_failed"}
{"timestamp": "2026-03-26T12:58:36.921068+00:00", "level": "WARNING", "logger": "app.services.runtime_lease_service", "message": "runtime_lease_best_effort_fallback"}
{"timestamp": "2026-03-26T12:58:37.045047+00:00", "level": "INFO", "logger": "uvicorn.access", "message": "127.0.0.1:56939 - \"GET /api/v1/health HTTP/1.1\" 200"}
{"timestamp": "2026-03-26T12:58:37.046700+00:00", "level": "INFO", "logger": "app.http", "message": "http_request", "requestId": "650f7aeac8e84680b4ec54dd4c4534f5", "method": "GET", "path": "/api/v1/health", "route": "/api/v1/health", "statusCode": 200, "durationMs": 353.32, "clientIp": "127.0.0.1"}
{"timestamp": "2026-03-26T12:58:37.928595+00:00", "level": "WARNING", "logger": "app.ws.bus", "message": "redis_event_bus_subscribe_failed"}
{"timestamp": "2026-03-26T12:58:38.864438+00:00", "level": "WARNING", "logger": "app.ws.bus", "message": "redis_event_bus_subscribe_failed"}
{"timestamp": "2026-03-26T12:58:38.948246+00:00", "level": "WARNING", "logger": "app.ws.bus", "message": "redis_event_bus_subscribe_failed"}
{"timestamp": "2026-03-26T12:58:39.030904+00:00", "level": "WARNING", "logger": "app.ws.bus", "message": "redis_event_bus_subscribe_failed"}
{"timestamp": "2026-03-26T12:58:39.119316+00:00", "level": "WARNING", "logger": "app.ws.bus", "message": "redis_event_bus_subscribe_failed"}
{"timestamp": "2026-03-26T12:58:39.245171+00:00", "level": "WARNING", "logger": "app.ws.bus", "message": "redis_event_bus_subscribe_failed"}
{"timestamp": "2026-03-26T12:58:40.282572+00:00", "level": "WARNING", "logger": "app.ws.bus", "message": "redis_event_bus_subscribe_failed"}
{"timestamp": "2026-03-26T12:58:43.218088+00:00", "level": "WARNING", "logger": "app.ws.bus", "message": "redis_event_bus_subscribe_failed"}
{"timestamp": "2026-03-26T12:58:43.306026+00:00", "level": "WARNING", "logger": "app.ws.bus", "message": "redis_event_bus_subscribe_failed"}
{"timestamp": "2026-03-26T12:58:43.390114+00:00", "level": "WARNING", "logger": "app.ws.bus", "message": "redis_event_bus_subscribe_failed"}
{"timestamp": "2026-03-26T12:58:43.490442+00:00", "level": "WARNING", "logger": "app.ws.bus", "message": "redis_event_bus_subscribe_failed"}
{"timestamp": "2026-03-26T12:58:43.613191+00:00", "level": "WARNING", "logger": "app.ws.bus", "message": "redis_event_bus_subscribe_failed"}
{"timestamp": "2026-03-26T12:58:44.639215+00:00", "level": "WARNING", "logger": "app.ws.bus", "message": "redis_event_bus_subscribe_failed"}
{"timestamp": "2026-03-26T12:58:50.596457+00:00", "level": "WARNING", "logger": "app.ws.bus", "message": "redis_event_bus_subscribe_failed"}
{"timestamp": "2026-03-26T12:58:50.957069+00:00", "level": "INFO", "logger": "uvicorn.access", "message": "127.0.0.1:57128 - \"GET /api/v1/health HTTP/1.1\" 200"}
{"timestamp": "2026-03-26T12:58:50.958527+00:00", "level": "INFO", "logger": "app.http", "message": "http_request", "requestId": "cde5a5d1274a4cbfac00b0b9ef59e29b", "method": "GET", "path": "/api/v1/health", "route": "/api/v1/health", "statusCode": 200, "durationMs": 359.65, "clientIp": "127.0.0.1"}
{"timestamp": "2026-03-26T12:58:51.596822+00:00", "level": "WARNING", "logger": "app.ws.bus", "message": "redis_event_bus_subscribe_failed"}
{"timestamp": "2026-03-26T12:58:51.665063+00:00", "level": "WARNING", "logger": "app.ws.bus", "message": "redis_event_bus_subscribe_failed"}
{"timestamp": "2026-03-26T12:58:51.749482+00:00", "level": "WARNING", "logger": "app.ws.bus", "message": "redis_event_bus_subscribe_failed"}
{"timestamp": "2026-03-26T12:58:51.848086+00:00", "level": "WARNING", "logger": "app.ws.bus", "message": "redis_event_bus_subscribe_failed"}
{"timestamp": "2026-03-26T12:58:51.979900+00:00", "level": "WARNING", "logger": "app.ws.bus", "message": "redis_event_bus_subscribe_failed"}
{"timestamp": "2026-03-26T12:58:52.963696+00:00", "level": "WARNING", "logger": "app.ws.bus", "message": "redis_event_bus_subscribe_failed"}
{"timestamp": "2026-03-26T12:58:52.996985+00:00", "level": "WARNING", "logger": "app.ws.bus", "message": "redis_event_bus_subscribe_failed"}
{"timestamp": "2026-03-26T12:58:57.319993+00:00", "level": "WARNING", "logger": "app.ws.bus", "message": "redis_event_bus_subscribe_failed"}
{"timestamp": "2026-03-26T12:59:05.685915+00:00", "level": "WARNING", "logger": "app.ws.bus", "message": "redis_event_bus_subscribe_failed"}
{"timestamp": "2026-03-26T12:59:07.949985+00:00", "level": "WARNING", "logger": "app.ws.bus", "message": "redis_event_bus_subscribe_failed"}
{"timestamp": "2026-03-26T12:59:08.017405+00:00", "level": "WARNING", "logger": "app.ws.bus", "message": "redis_event_bus_subscribe_failed"}
{"timestamp": "2026-03-26T12:59:08.117198+00:00", "level": "WARNING", "logger": "app.ws.bus", "message": "redis_event_bus_subscribe_failed"}
{"timestamp": "2026-03-26T12:59:08.200426+00:00", "level": "WARNING", "logger": "app.ws.bus", "message": "redis_event_bus_subscribe_failed"}
{"timestamp": "2026-03-26T12:59:08.349593+00:00", "level": "WARNING", "logger": "app.ws.bus", "message": "redis_event_bus_subscribe_failed"}
{"timestamp": "2026-03-26T12:59:09.365972+00:00", "level": "WARNING", "logger": "app.ws.bus", "message": "redis_event_bus_subscribe_failed"}
{"timestamp": "2026-03-26T12:59:20.912470+00:00", "level": "WARNING", "logger": "app.services.runtime_lease_service", "message": "runtime_lease_best_effort_fallback"}
{"timestamp": "2026-03-26T12:59:20.942487+00:00", "level": "WARNING", "logger": "app.services.runtime_lease_service", "message": "runtime_lease_best_effort_fallback"}
{"timestamp": "2026-03-26T12:59:21.043769+00:00", "level": "WARNING", "logger": "app.services.runtime_lease_service", "message": "runtime_lease_best_effort_fallback"}
{"timestamp": "2026-03-26T12:59:21.093748+00:00", "level": "WARNING", "logger": "app.services.runtime_lease_service", "message": "runtime_lease_best_effort_fallback"}
{"timestamp": "2026-03-26T12:59:21.176057+00:00", "level": "WARNING", "logger": "app.services.runtime_lease_service", "message": "runtime_lease_best_effort_fallback"}
{"timestamp": "2026-03-26T12:59:21.246415+00:00", "level": "WARNING", "logger": "app.services.runtime_lease_service", "message": "runtime_lease_best_effort_fallback"}
{"timestamp": "2026-03-26T12:59:22.053861+00:00", "level": "WARNING", "logger": "app.ws.bus", "message": "redis_event_bus_subscribe_failed"}
{"timestamp": "2026-03-26T12:59:22.275561+00:00", "level": "WARNING", "logger": "app.services.runtime_lease_service", "message": "runtime_lease_best_effort_fallback"}
{"timestamp": "2026-03-26T12:59:38.305372+00:00", "level": "WARNING", "logger": "app.ws.bus", "message": "redis_event_bus_subscribe_failed"}
{"timestamp": "2026-03-26T12:59:38.375303+00:00", "level": "WARNING", "logger": "app.ws.bus", "message": "redis_event_bus_subscribe_failed"}
{"timestamp": "2026-03-26T12:59:38.481023+00:00", "level": "WARNING", "logger": "app.ws.bus", "message": "redis_event_bus_subscribe_failed"}
{"timestamp": "2026-03-26T12:59:38.570990+00:00", "level": "WARNING", "logger": "app.ws.bus", "message": "redis_event_bus_subscribe_failed"}
{"timestamp": "2026-03-26T12:59:38.711362+00:00", "level": "WARNING", "logger": "app.ws.bus", "message": "redis_event_bus_subscribe_failed"}
{"timestamp": "2026-03-26T12:59:39.742554+00:00", "level": "WARNING", "logger": "app.ws.bus", "message": "redis_event_bus_subscribe_failed"}
{"timestamp": "2026-03-26T12:59:52.415071+00:00", "level": "WARNING", "logger": "app.ws.bus", "message": "redis_event_bus_subscribe_failed"}
{"timestamp": "2026-03-26T13:00:06.273592+00:00", "level": "WARNING", "logger": "app.services.runtime_lease_service", "message": "runtime_lease_best_effort_fallback"}
{"timestamp": "2026-03-26T13:00:06.304812+00:00", "level": "WARNING", "logger": "app.services.runtime_lease_service", "message": "runtime_lease_best_effort_fallback"}
{"timestamp": "2026-03-26T13:00:06.417891+00:00", "level": "WARNING", "logger": "app.services.runtime_lease_service", "message": "runtime_lease_best_effort_fallback"}
{"timestamp": "2026-03-26T13:00:06.466846+00:00", "level": "WARNING", "logger": "app.services.runtime_lease_service", "message": "runtime_lease_best_effort_fallback"}
{"timestamp": "2026-03-26T13:00:06.529794+00:00", "level": "WARNING", "logger": "app.services.runtime_lease_service", "message": "runtime_lease_best_effort_fallback"}
{"timestamp": "2026-03-26T13:00:06.606938+00:00", "level": "WARNING", "logger": "app.services.runtime_lease_service", "message": "runtime_lease_best_effort_fallback"}
{"timestamp": "2026-03-26T13:00:07.641237+00:00", "level": "WARNING", "logger": "app.services.runtime_lease_service", "message": "runtime_lease_best_effort_fallback"}
{"timestamp": "2026-03-26T13:00:08.662144+00:00", "level": "WARNING", "logger": "app.ws.bus", "message": "redis_event_bus_subscribe_failed"}
{"timestamp": "2026-03-26T13:00:08.737925+00:00", "level": "WARNING", "logger": "app.ws.bus", "message": "redis_event_bus_subscribe_failed"}
{"timestamp": "2026-03-26T13:00:08.843668+00:00", "level": "WARNING", "logger": "app.ws.bus", "message": "redis_event_bus_subscribe_failed"}
{"timestamp": "2026-03-26T13:00:08.942706+00:00", "level": "WARNING", "logger": "app.ws.bus", "message": "redis_event_bus_subscribe_failed"}
{"timestamp": "2026-03-26T13:00:09.070165+00:00", "level": "WARNING", "logger": "app.ws.bus", "message": "redis_event_bus_subscribe_failed"}
{"timestamp": "2026-03-26T13:00:10.108245+00:00", "level": "WARNING", "logger": "app.ws.bus", "message": "redis_event_bus_subscribe_failed"}
{"timestamp": "2026-03-26T13:00:22.787576+00:00", "level": "WARNING", "logger": "app.ws.bus", "message": "redis_event_bus_subscribe_failed"}
{"timestamp": "2026-03-26T13:00:39.015972+00:00", "level": "WARNING", "logger": "app.ws.bus", "message": "redis_event_bus_subscribe_failed"}
{"timestamp": "2026-03-26T13:00:39.097769+00:00", "level": "WARNING", "logger": "app.ws.bus", "message": "redis_event_bus_subscribe_failed"}
{"timestamp": "2026-03-26T13:00:39.204027+00:00", "level": "WARNING", "logger": "app.ws.bus", "message": "redis_event_bus_subscribe_failed"}
{"timestamp": "2026-03-26T13:00:39.301880+00:00", "level": "WARNING", "logger": "app.ws.bus", "message": "redis_event_bus_subscribe_failed"}
{"timestamp": "2026-03-26T13:00:39.436779+00:00", "level": "WARNING", "logger": "app.ws.bus", "message": "redis_event_bus_subscribe_failed"}
{"timestamp": "2026-03-26T13:00:40.466096+00:00", "level": "WARNING", "logger": "app.ws.bus", "message": "redis_event_bus_subscribe_failed"}
{"timestamp": "2026-03-26T13:00:51.637555+00:00", "level": "WARNING", "logger": "app.services.runtime_lease_service", "message": "runtime_lease_best_effort_fallback"}
{"timestamp": "2026-03-26T13:00:51.668349+00:00", "level": "WARNING", "logger": "app.services.runtime_lease_service", "message": "runtime_lease_best_effort_fallback"}
{"timestamp": "2026-03-26T13:00:51.785944+00:00", "level": "WARNING", "logger": "app.services.runtime_lease_service", "message": "runtime_lease_best_effort_fallback"}
{"timestamp": "2026-03-26T13:00:51.834096+00:00", "level": "WARNING", "logger": "app.services.runtime_lease_service", "message": "runtime_lease_best_effort_fallback"}
{"timestamp": "2026-03-26T13:00:51.885736+00:00", "level": "WARNING", "logger": "app.services.runtime_lease_service", "message": "runtime_lease_best_effort_fallback"}
{"timestamp": "2026-03-26T13:00:51.984275+00:00", "level": "WARNING", "logger": "app.services.runtime_lease_service", "message": "runtime_lease_best_effort_fallback"}
{"timestamp": "2026-03-26T13:00:52.999883+00:00", "level": "WARNING", "logger": "app.services.runtime_lease_service", "message": "runtime_lease_best_effort_fallback"}
{"timestamp": "2026-03-26T13:00:53.142648+00:00", "level": "WARNING", "logger": "app.ws.bus", "message": "redis_event_bus_subscribe_failed"}
{"timestamp": "2026-03-26T13:01:09.376054+00:00", "level": "WARNING", "logger": "app.ws.bus", "message": "redis_event_bus_subscribe_failed"}
{"timestamp": "2026-03-26T13:01:09.453443+00:00", "level": "WARNING", "logger": "app.ws.bus", "message": "redis_event_bus_subscribe_failed"}
{"timestamp": "2026-03-26T13:01:09.573511+00:00", "level": "WARNING", "logger": "app.ws.bus", "message": "redis_event_bus_subscribe_failed"}
{"timestamp": "2026-03-26T13:01:09.663483+00:00", "level": "WARNING", "logger": "app.ws.bus", "message": "redis_event_bus_subscribe_failed"}
{"timestamp": "2026-03-26T13:01:09.799497+00:00", "level": "WARNING", "logger": "app.ws.bus", "message": "redis_event_bus_subscribe_failed"}
{"timestamp": "2026-03-26T13:01:10.827616+00:00", "level": "WARNING", "logger": "app.ws.bus", "message": "redis_event_bus_subscribe_failed"}
{"timestamp": "2026-03-26T13:01:23.509117+00:00", "level": "WARNING", "logger": "app.ws.bus", "message": "redis_event_bus_subscribe_failed"}
{"timestamp": "2026-03-26T13:01:37.008402+00:00", "level": "WARNING", "logger": "app.services.runtime_lease_service", "message": "runtime_lease_best_effort_fallback"}
{"timestamp": "2026-03-26T13:01:37.032781+00:00", "level": "WARNING", "logger": "app.services.runtime_lease_service", "message": "runtime_lease_best_effort_fallback"}
{"timestamp": "2026-03-26T13:01:37.146875+00:00", "level": "WARNING", "logger": "app.services.runtime_lease_service", "message": "runtime_lease_best_effort_fallback"}
{"timestamp": "2026-03-26T13:01:37.195206+00:00", "level": "WARNING", "logger": "app.services.runtime_lease_service", "message": "runtime_lease_best_effort_fallback"}
{"timestamp": "2026-03-26T13:01:37.250968+00:00", "level": "WARNING", "logger": "app.services.runtime_lease_service", "message": "runtime_lease_best_effort_fallback"}
{"timestamp": "2026-03-26T13:01:37.352168+00:00", "level": "WARNING", "logger": "app.services.runtime_lease_service", "message": "runtime_lease_best_effort_fallback"}
{"timestamp": "2026-03-26T13:01:38.364897+00:00", "level": "WARNING", "logger": "app.services.runtime_lease_service", "message": "runtime_lease_best_effort_fallback"}
{"timestamp": "2026-03-26T13:01:39.731331+00:00", "level": "WARNING", "logger": "app.ws.bus", "message": "redis_event_bus_subscribe_failed"}
{"timestamp": "2026-03-26T13:01:39.812121+00:00", "level": "WARNING", "logger": "app.ws.bus", "message": "redis_event_bus_subscribe_failed"}
{"timestamp": "2026-03-26T13:01:39.931119+00:00", "level": "WARNING", "logger": "app.ws.bus", "message": "redis_event_bus_subscribe_failed"}
{"timestamp": "2026-03-26T13:01:40.023919+00:00", "level": "WARNING", "logger": "app.ws.bus", "message": "redis_event_bus_subscribe_failed"}
{"timestamp": "2026-03-26T13:01:40.163925+00:00", "level": "WARNING", "logger": "app.ws.bus", "message": "redis_event_bus_subscribe_failed"}
{"timestamp": "2026-03-26T13:01:41.190394+00:00", "level": "WARNING", "logger": "app.ws.bus", "message": "redis_event_bus_subscribe_failed"}
{"timestamp": "2026-03-26T13:01:53.872520+00:00", "level": "WARNING", "logger": "app.ws.bus", "message": "redis_event_bus_subscribe_failed"}
{"timestamp": "2026-03-26T13:02:10.088847+00:00", "level": "WARNING", "logger": "app.ws.bus", "message": "redis_event_bus_subscribe_failed"}
{"timestamp": "2026-03-26T13:02:10.167442+00:00", "level": "WARNING", "logger": "app.ws.bus", "message": "redis_event_bus_subscribe_failed"}
{"timestamp": "2026-03-26T13:02:10.298601+00:00", "level": "WARNING", "logger": "app.ws.bus", "message": "redis_event_bus_subscribe_failed"}
{"timestamp": "2026-03-26T13:02:10.381934+00:00", "level": "WARNING", "logger": "app.ws.bus", "message": "redis_event_bus_subscribe_failed"}
{"timestamp": "2026-03-26T13:02:10.528812+00:00", "level": "WARNING", "logger": "app.ws.bus", "message": "redis_event_bus_subscribe_failed"}
{"timestamp": "2026-03-26T13:02:11.545552+00:00", "level": "WARNING", "logger": "app.ws.bus", "message": "redis_event_bus_subscribe_failed"}
{"timestamp": "2026-03-26T13:02:22.375232+00:00", "level": "WARNING", "logger": "app.services.runtime_lease_service", "message": "runtime_lease_best_effort_fallback"}
{"timestamp": "2026-03-26T13:02:22.404984+00:00", "level": "WARNING", "logger": "app.services.runtime_lease_service", "message": "runtime_lease_best_effort_fallback"}
{"timestamp": "2026-03-26T13:02:22.517751+00:00", "level": "WARNING", "logger": "app.services.runtime_lease_service", "message": "runtime_lease_best_effort_fallback"}
{"timestamp": "2026-03-26T13:02:22.557744+00:00", "level": "WARNING", "logger": "app.services.runtime_lease_service", "message": "runtime_lease_best_effort_fallback"}
{"timestamp": "2026-03-26T13:02:22.614093+00:00", "level": "WARNING", "logger": "app.services.runtime_lease_service", "message": "runtime_lease_best_effort_fallback"}
{"timestamp": "2026-03-26T13:02:22.722436+00:00", "level": "WARNING", "logger": "app.services.runtime_lease_service", "message": "runtime_lease_best_effort_fallback"}
{"timestamp": "2026-03-26T13:02:23.741310+00:00", "level": "WARNING", "logger": "app.services.runtime_lease_service", "message": "runtime_lease_best_effort_fallback"}
{"timestamp": "2026-03-26T13:02:24.232614+00:00", "level": "WARNING", "logger": "app.ws.bus", "message": "redis_event_bus_subscribe_failed"}
